2024/05/19 21:36:04 [notice] 1#1: using the "epoll" event method
2024/05/19 21:36:04 [notice] 1#1: nginx/1.25.5
2024/05/19 21:36:04 [notice] 1#1: built by gcc 12.2.0 (Debian 12.2.0-14) 
2024/05/19 21:36:04 [notice] 1#1: OS: Linux 6.1.0-20-amd64
2024/05/19 21:36:04 [notice] 1#1: getrlimit(RLIMIT_NOFILE): 1048576:1048576
2024/05/19 21:36:04 [notice] 1#1: start worker processes
2024/05/19 21:36:04 [notice] 1#1: start worker process 27
2024/05/19 22:09:04 [notice] 1#1: signal 3 (SIGQUIT) received, shutting down
2024/05/19 22:09:04 [notice] 27#27: gracefully shutting down
2024/05/19 22:09:04 [notice] 27#27: exiting
2024/05/19 22:09:04 [notice] 27#27: exit
2024/05/19 22:09:04 [notice] 1#1: signal 17 (SIGCHLD) received from 27
2024/05/19 22:09:04 [notice] 1#1: worker process 27 exited with code 0
2024/05/19 22:09:04 [notice] 1#1: exit
2024/05/19 22:09:26 [notice] 1#1: using the "epoll" event method
2024/05/19 22:09:26 [notice] 1#1: nginx/1.25.5
2024/05/19 22:09:26 [notice] 1#1: built by gcc 12.2.0 (Debian 12.2.0-14) 
2024/05/19 22:09:26 [notice] 1#1: OS: Linux 6.1.0-20-amd64
2024/05/19 22:09:26 [notice] 1#1: getrlimit(RLIMIT_NOFILE): 1048576:1048576
2024/05/19 22:09:26 [notice] 1#1: start worker processes
2024/05/19 22:09:26 [notice] 1#1: start worker process 27
